<?xml version="1.0" encoding="UTF-8"?>
<!-- Generated by org.testng.reporters.JUnitXMLReporter -->
<testsuite ignored="0" hostname="DESKTOP-4651O5S" failures="0" tests="3" name="user-sam" time="21.82" errors="0" timestamp="2025-03-07T19:30:14 CST">
  <testcase classname="com.tims.vendorportal.VendorPortalTest" name="loginTest" time="0.841"/>
  <testcase classname="com.tims.vendorportal.VendorPortalTest" name="dashboardTest" time="1.717"/>
  <testcase classname="com.tims.vendorportal.VendorPortalTest" name="logoutTest" time="0.943"/>
</testsuite> <!-- user-sam -->
