<?xml version="1.0" encoding="UTF-8"?>
<!-- Generated by org.testng.reporters.JUnitXMLReporter -->
<testsuite ignored="0" hostname="DESKTOP-4651O5S" failures="0" tests="3" name="user-mike" time="21.758" errors="0" timestamp="2025-03-07T19:30:14 CST">
  <testcase classname="com.tims.vendorportal.VendorPortalTest" name="loginTest" time="0.816"/>
  <testcase classname="com.tims.vendorportal.VendorPortalTest" name="dashboardTest" time="1.701"/>
  <testcase classname="com.tims.vendorportal.VendorPortalTest" name="logoutTest" time="0.928"/>
</testsuite> <!-- user-mike -->
