<?xml version="1.0" encoding="UTF-8"?>
<!-- Generated by org.testng.reporters.JUnitXMLReporter -->
<testsuite ignored="0" hostname="DESKTOP-4651O5S" failures="0" tests="5" name="passengers-count-3" time="28.864" errors="0" timestamp="2025-03-07T19:54:36 CST">
  <testcase classname="com.tims.flightreservation.FlightReservationTest" name="userRegistration" time="1.142"/>
  <testcase classname="com.tims.flightreservation.FlightReservationTest" name="registrationConfirmationTest" time="0.143"/>
  <testcase classname="com.tims.flightreservation.FlightReservationTest" name="flightSearchTest" time="0.215"/>
  <testcase classname="com.tims.flightreservation.FlightReservationTest" name="flightSelectionTest" time="0.238"/>
  <testcase classname="com.tims.flightreservation.FlightReservationTest" name="flightReservationConfirmationTest" time="0.07"/>
</testsuite> <!-- passengers-count-3 -->
