<?xml version="1.0" encoding="UTF-8"?>
<!-- Generated by org.testng.reporters.JUnitXMLReporter -->
<testsuite ignored="0" hostname="DESKTOP-4651O5S" failures="0" tests="5" name="passengers-count-2" time="29.371" errors="0" timestamp="2025-03-07T19:54:07 CST">
  <testcase classname="com.tims.flightreservation.FlightReservationTest" name="userRegistration" time="1.214"/>
  <testcase classname="com.tims.flightreservation.FlightReservationTest" name="registrationConfirmationTest" time="0.158"/>
  <testcase classname="com.tims.flightreservation.FlightReservationTest" name="flightSearchTest" time="0.295"/>
  <testcase classname="com.tims.flightreservation.FlightReservationTest" name="flightSelectionTest" time="0.256"/>
  <testcase classname="com.tims.flightreservation.FlightReservationTest" name="flightReservationConfirmationTest" time="0.089"/>
</testsuite> <!-- passengers-count-2 -->
