<?xml version="1.0" encoding="UTF-8"?>
<!-- Generated by org.testng.reporters.JUnitXMLReporter -->
<testsuite ignored="0" hostname="DESKTOP-4651O5S" failures="0" tests="5" name="passengers-count-1" time="29.4" errors="0" timestamp="2025-03-07T19:54:07 CST">
  <testcase classname="com.tims.flightreservation.FlightReservationTest" name="userRegistration" time="1.256"/>
  <testcase classname="com.tims.flightreservation.FlightReservationTest" name="registrationConfirmationTest" time="0.156"/>
  <testcase classname="com.tims.flightreservation.FlightReservationTest" name="flightSearchTest" time="0.264"/>
  <testcase classname="com.tims.flightreservation.FlightReservationTest" name="flightSelectionTest" time="0.254"/>
  <testcase classname="com.tims.flightreservation.FlightReservationTest" name="flightReservationConfirmationTest" time="0.088"/>
</testsuite> <!-- passengers-count-1 -->
