<?xml version="1.0" encoding="UTF-8"?>
<testng-results ignored="0" total="20" passed="20" failed="0" skipped="0">
  <reporter-output>
  </reporter-output>
  <suite started-at="2025-03-07T19:53:38 CST" name="flightReservationSuite" finished-at="2025-03-07T19:54:36 CST" duration-ms="58253">
    <groups>
    </groups>
    <test started-at="2025-03-07T19:53:38 CST" name="passengers-count-2" finished-at="2025-03-07T19:54:07 CST" duration-ms="29371">
      <class name="com.tims.flightreservation.FlightReservationTest">
        <test-method is-config="true" signature="setDriver(org.testng.ITestContext)[pri:0, instance:com.tims.flightreservation.FlightReservationTest@350aac89]" started-at="2025-03-07T19:53:38 CST" name="setDriver" finished-at="2025-03-07T19:53:40 CST" duration-ms="1888" status="PASS">
          <params>
            <param index="0">
              <value>
                <![CDATA[org.testng.TestRunner@465232e9]]>
              </value>
            </param>
          </params>
          <reporter-output>
          </reporter-output>
        </test-method> <!-- setDriver -->
        <test-method is-config="true" signature="setParameters(java.lang.String)[pri:0, instance:com.tims.flightreservation.FlightReservationTest@350aac89]" started-at="2025-03-07T19:53:40 CST" name="setParameters" finished-at="2025-03-07T19:53:40 CST" duration-ms="201" status="PASS">
          <params>
            <param index="0">
              <value>
                <![CDATA[test-data/flight-reservation/passenger-2.json]]>
              </value>
            </param>
          </params>
          <reporter-output>
          </reporter-output>
        </test-method> <!-- setParameters -->
        <test-method signature="userRegistration()[pri:0, instance:com.tims.flightreservation.FlightReservationTest@350aac89]" started-at="2025-03-07T19:53:40 CST" name="userRegistration" finished-at="2025-03-07T19:53:41 CST" duration-ms="1214" status="PASS">
          <reporter-output>
          </reporter-output>
        </test-method> <!-- userRegistration -->
        <test-method is-config="true" signature="sleep()[pri:0, instance:com.tims.flightreservation.FlightReservationTest@350aac89]" started-at="2025-03-07T19:53:41 CST" name="sleep" finished-at="2025-03-07T19:53:46 CST" duration-ms="5008" status="PASS">
          <reporter-output>
          </reporter-output>
        </test-method> <!-- sleep -->
        <test-method signature="registrationConfirmationTest()[pri:0, instance:com.tims.flightreservation.FlightReservationTest@350aac89]" started-at="2025-03-07T19:53:46 CST" name="registrationConfirmationTest" finished-at="2025-03-07T19:53:46 CST" depends-on-methods="com.tims.flightreservation.FlightReservationTest.userRegistration" duration-ms="158" status="PASS">
          <reporter-output>
          </reporter-output>
        </test-method> <!-- registrationConfirmationTest -->
        <test-method is-config="true" signature="sleep()[pri:0, instance:com.tims.flightreservation.FlightReservationTest@350aac89]" started-at="2025-03-07T19:53:46 CST" name="sleep" finished-at="2025-03-07T19:53:51 CST" duration-ms="5002" status="PASS">
          <reporter-output>
          </reporter-output>
        </test-method> <!-- sleep -->
        <test-method signature="flightSearchTest()[pri:0, instance:com.tims.flightreservation.FlightReservationTest@350aac89]" started-at="2025-03-07T19:53:51 CST" name="flightSearchTest" finished-at="2025-03-07T19:53:52 CST" depends-on-methods="com.tims.flightreservation.FlightReservationTest.registrationConfirmationTest" duration-ms="295" status="PASS">
          <reporter-output>
          </reporter-output>
        </test-method> <!-- flightSearchTest -->
        <test-method is-config="true" signature="sleep()[pri:0, instance:com.tims.flightreservation.FlightReservationTest@350aac89]" started-at="2025-03-07T19:53:52 CST" name="sleep" finished-at="2025-03-07T19:53:57 CST" duration-ms="5001" status="PASS">
          <reporter-output>
          </reporter-output>
        </test-method> <!-- sleep -->
        <test-method signature="flightSelectionTest()[pri:0, instance:com.tims.flightreservation.FlightReservationTest@350aac89]" started-at="2025-03-07T19:53:57 CST" name="flightSelectionTest" finished-at="2025-03-07T19:53:57 CST" depends-on-methods="com.tims.flightreservation.FlightReservationTest.flightSearchTest" duration-ms="256" status="PASS">
          <reporter-output>
          </reporter-output>
        </test-method> <!-- flightSelectionTest -->
        <test-method is-config="true" signature="sleep()[pri:0, instance:com.tims.flightreservation.FlightReservationTest@350aac89]" started-at="2025-03-07T19:53:57 CST" name="sleep" finished-at="2025-03-07T19:54:02 CST" duration-ms="5010" status="PASS">
          <reporter-output>
          </reporter-output>
        </test-method> <!-- sleep -->
        <test-method signature="flightReservationConfirmationTest()[pri:0, instance:com.tims.flightreservation.FlightReservationTest@350aac89]" started-at="2025-03-07T19:54:02 CST" name="flightReservationConfirmationTest" finished-at="2025-03-07T19:54:02 CST" depends-on-methods="com.tims.flightreservation.FlightReservationTest.flightSelectionTest" duration-ms="89" status="PASS">
          <reporter-output>
          </reporter-output>
        </test-method> <!-- flightReservationConfirmationTest -->
        <test-method is-config="true" signature="sleep()[pri:0, instance:com.tims.flightreservation.FlightReservationTest@350aac89]" started-at="2025-03-07T19:54:02 CST" name="sleep" finished-at="2025-03-07T19:54:07 CST" duration-ms="5007" status="PASS">
          <reporter-output>
          </reporter-output>
        </test-method> <!-- sleep -->
        <test-method is-config="true" signature="logout()[pri:0, instance:com.tims.flightreservation.FlightReservationTest@350aac89]" started-at="2025-03-07T19:54:07 CST" name="logout" finished-at="2025-03-07T19:54:07 CST" duration-ms="192" status="PASS">
          <reporter-output>
          </reporter-output>
        </test-method> <!-- logout -->
      </class> <!-- com.tims.flightreservation.FlightReservationTest -->
    </test> <!-- passengers-count-2 -->
    <test started-at="2025-03-07T19:53:38 CST" name="passengers-count-1" finished-at="2025-03-07T19:54:07 CST" duration-ms="29400">
      <class name="com.tims.flightreservation.FlightReservationTest">
        <test-method is-config="true" signature="setDriver(org.testng.ITestContext)[pri:0, instance:com.tims.flightreservation.FlightReservationTest@791f145a]" started-at="2025-03-07T19:53:38 CST" name="setDriver" finished-at="2025-03-07T19:53:40 CST" duration-ms="1888" status="PASS">
          <params>
            <param index="0">
              <value>
                <![CDATA[org.testng.TestRunner@37313c65]]>
              </value>
            </param>
          </params>
          <reporter-output>
          </reporter-output>
        </test-method> <!-- setDriver -->
        <test-method is-config="true" signature="setParameters(java.lang.String)[pri:0, instance:com.tims.flightreservation.FlightReservationTest@791f145a]" started-at="2025-03-07T19:53:40 CST" name="setParameters" finished-at="2025-03-07T19:53:40 CST" duration-ms="201" status="PASS">
          <params>
            <param index="0">
              <value>
                <![CDATA[test-data/flight-reservation/passenger-1.json]]>
              </value>
            </param>
          </params>
          <reporter-output>
          </reporter-output>
        </test-method> <!-- setParameters -->
        <test-method signature="userRegistration()[pri:0, instance:com.tims.flightreservation.FlightReservationTest@791f145a]" started-at="2025-03-07T19:53:40 CST" name="userRegistration" finished-at="2025-03-07T19:53:41 CST" duration-ms="1256" status="PASS">
          <reporter-output>
          </reporter-output>
        </test-method> <!-- userRegistration -->
        <test-method is-config="true" signature="sleep()[pri:0, instance:com.tims.flightreservation.FlightReservationTest@791f145a]" started-at="2025-03-07T19:53:41 CST" name="sleep" finished-at="2025-03-07T19:53:46 CST" duration-ms="5013" status="PASS">
          <reporter-output>
          </reporter-output>
        </test-method> <!-- sleep -->
        <test-method signature="registrationConfirmationTest()[pri:0, instance:com.tims.flightreservation.FlightReservationTest@791f145a]" started-at="2025-03-07T19:53:46 CST" name="registrationConfirmationTest" finished-at="2025-03-07T19:53:46 CST" depends-on-methods="com.tims.flightreservation.FlightReservationTest.userRegistration" duration-ms="156" status="PASS">
          <reporter-output>
          </reporter-output>
        </test-method> <!-- registrationConfirmationTest -->
        <test-method is-config="true" signature="sleep()[pri:0, instance:com.tims.flightreservation.FlightReservationTest@791f145a]" started-at="2025-03-07T19:53:46 CST" name="sleep" finished-at="2025-03-07T19:53:51 CST" duration-ms="5007" status="PASS">
          <reporter-output>
          </reporter-output>
        </test-method> <!-- sleep -->
        <test-method signature="flightSearchTest()[pri:0, instance:com.tims.flightreservation.FlightReservationTest@791f145a]" started-at="2025-03-07T19:53:51 CST" name="flightSearchTest" finished-at="2025-03-07T19:53:52 CST" depends-on-methods="com.tims.flightreservation.FlightReservationTest.registrationConfirmationTest" duration-ms="264" status="PASS">
          <reporter-output>
          </reporter-output>
        </test-method> <!-- flightSearchTest -->
        <test-method is-config="true" signature="sleep()[pri:0, instance:com.tims.flightreservation.FlightReservationTest@791f145a]" started-at="2025-03-07T19:53:52 CST" name="sleep" finished-at="2025-03-07T19:53:57 CST" duration-ms="5001" status="PASS">
          <reporter-output>
          </reporter-output>
        </test-method> <!-- sleep -->
        <test-method signature="flightSelectionTest()[pri:0, instance:com.tims.flightreservation.FlightReservationTest@791f145a]" started-at="2025-03-07T19:53:57 CST" name="flightSelectionTest" finished-at="2025-03-07T19:53:57 CST" depends-on-methods="com.tims.flightreservation.FlightReservationTest.flightSearchTest" duration-ms="254" status="PASS">
          <reporter-output>
          </reporter-output>
        </test-method> <!-- flightSelectionTest -->
        <test-method is-config="true" signature="sleep()[pri:0, instance:com.tims.flightreservation.FlightReservationTest@791f145a]" started-at="2025-03-07T19:53:57 CST" name="sleep" finished-at="2025-03-07T19:54:02 CST" duration-ms="5012" status="PASS">
          <reporter-output>
          </reporter-output>
        </test-method> <!-- sleep -->
        <test-method signature="flightReservationConfirmationTest()[pri:0, instance:com.tims.flightreservation.FlightReservationTest@791f145a]" started-at="2025-03-07T19:54:02 CST" name="flightReservationConfirmationTest" finished-at="2025-03-07T19:54:02 CST" depends-on-methods="com.tims.flightreservation.FlightReservationTest.flightSelectionTest" duration-ms="88" status="PASS">
          <reporter-output>
          </reporter-output>
        </test-method> <!-- flightReservationConfirmationTest -->
        <test-method is-config="true" signature="sleep()[pri:0, instance:com.tims.flightreservation.FlightReservationTest@791f145a]" started-at="2025-03-07T19:54:02 CST" name="sleep" finished-at="2025-03-07T19:54:07 CST" duration-ms="5009" status="PASS">
          <reporter-output>
          </reporter-output>
        </test-method> <!-- sleep -->
        <test-method is-config="true" signature="logout()[pri:0, instance:com.tims.flightreservation.FlightReservationTest@791f145a]" started-at="2025-03-07T19:54:07 CST" name="logout" finished-at="2025-03-07T19:54:07 CST" duration-ms="206" status="PASS">
          <reporter-output>
          </reporter-output>
        </test-method> <!-- logout -->
      </class> <!-- com.tims.flightreservation.FlightReservationTest -->
    </test> <!-- passengers-count-1 -->
    <test started-at="2025-03-07T19:54:07 CST" name="passengers-count-4" finished-at="2025-03-07T19:54:36 CST" duration-ms="28818">
      <class name="com.tims.flightreservation.FlightReservationTest">
        <test-method is-config="true" signature="setupConfig()[pri:0, instance:com.tims.flightreservation.FlightReservationTest@4c60d6e9]" started-at="2025-03-07T19:53:38 CST" name="setupConfig" finished-at="2025-03-07T19:53:38 CST" duration-ms="15" status="PASS">
          <reporter-output>
          </reporter-output>
        </test-method> <!-- setupConfig -->
        <test-method is-config="true" signature="setDriver(org.testng.ITestContext)[pri:0, instance:com.tims.flightreservation.FlightReservationTest@4c60d6e9]" started-at="2025-03-07T19:54:07 CST" name="setDriver" finished-at="2025-03-07T19:54:09 CST" duration-ms="1770" status="PASS">
          <params>
            <param index="0">
              <value>
                <![CDATA[org.testng.TestRunner@1df8da7a]]>
              </value>
            </param>
          </params>
          <reporter-output>
          </reporter-output>
        </test-method> <!-- setDriver -->
        <test-method is-config="true" signature="setParameters(java.lang.String)[pri:0, instance:com.tims.flightreservation.FlightReservationTest@4c60d6e9]" started-at="2025-03-07T19:54:09 CST" name="setParameters" finished-at="2025-03-07T19:54:09 CST" duration-ms="3" status="PASS">
          <params>
            <param index="0">
              <value>
                <![CDATA[test-data/flight-reservation/passenger-4.json]]>
              </value>
            </param>
          </params>
          <reporter-output>
          </reporter-output>
        </test-method> <!-- setParameters -->
        <test-method signature="userRegistration()[pri:0, instance:com.tims.flightreservation.FlightReservationTest@4c60d6e9]" started-at="2025-03-07T19:54:09 CST" name="userRegistration" finished-at="2025-03-07T19:54:10 CST" duration-ms="1162" status="PASS">
          <reporter-output>
          </reporter-output>
        </test-method> <!-- userRegistration -->
        <test-method is-config="true" signature="sleep()[pri:0, instance:com.tims.flightreservation.FlightReservationTest@4c60d6e9]" started-at="2025-03-07T19:54:10 CST" name="sleep" finished-at="2025-03-07T19:54:15 CST" duration-ms="5003" status="PASS">
          <reporter-output>
          </reporter-output>
        </test-method> <!-- sleep -->
        <test-method signature="registrationConfirmationTest()[pri:0, instance:com.tims.flightreservation.FlightReservationTest@4c60d6e9]" started-at="2025-03-07T19:54:15 CST" name="registrationConfirmationTest" finished-at="2025-03-07T19:54:15 CST" depends-on-methods="com.tims.flightreservation.FlightReservationTest.userRegistration" duration-ms="140" status="PASS">
          <reporter-output>
          </reporter-output>
        </test-method> <!-- registrationConfirmationTest -->
        <test-method is-config="true" signature="sleep()[pri:0, instance:com.tims.flightreservation.FlightReservationTest@4c60d6e9]" started-at="2025-03-07T19:54:15 CST" name="sleep" finished-at="2025-03-07T19:54:20 CST" duration-ms="5009" status="PASS">
          <reporter-output>
          </reporter-output>
        </test-method> <!-- sleep -->
        <test-method signature="flightSearchTest()[pri:0, instance:com.tims.flightreservation.FlightReservationTest@4c60d6e9]" started-at="2025-03-07T19:54:20 CST" name="flightSearchTest" finished-at="2025-03-07T19:54:21 CST" depends-on-methods="com.tims.flightreservation.FlightReservationTest.registrationConfirmationTest" duration-ms="219" status="PASS">
          <reporter-output>
          </reporter-output>
        </test-method> <!-- flightSearchTest -->
        <test-method is-config="true" signature="sleep()[pri:0, instance:com.tims.flightreservation.FlightReservationTest@4c60d6e9]" started-at="2025-03-07T19:54:21 CST" name="sleep" finished-at="2025-03-07T19:54:26 CST" duration-ms="5014" status="PASS">
          <reporter-output>
          </reporter-output>
        </test-method> <!-- sleep -->
        <test-method signature="flightSelectionTest()[pri:0, instance:com.tims.flightreservation.FlightReservationTest@4c60d6e9]" started-at="2025-03-07T19:54:26 CST" name="flightSelectionTest" finished-at="2025-03-07T19:54:26 CST" depends-on-methods="com.tims.flightreservation.FlightReservationTest.flightSearchTest" duration-ms="247" status="PASS">
          <reporter-output>
          </reporter-output>
        </test-method> <!-- flightSelectionTest -->
        <test-method is-config="true" signature="sleep()[pri:0, instance:com.tims.flightreservation.FlightReservationTest@4c60d6e9]" started-at="2025-03-07T19:54:26 CST" name="sleep" finished-at="2025-03-07T19:54:31 CST" duration-ms="5007" status="PASS">
          <reporter-output>
          </reporter-output>
        </test-method> <!-- sleep -->
        <test-method signature="flightReservationConfirmationTest()[pri:0, instance:com.tims.flightreservation.FlightReservationTest@4c60d6e9]" started-at="2025-03-07T19:54:31 CST" name="flightReservationConfirmationTest" finished-at="2025-03-07T19:54:31 CST" depends-on-methods="com.tims.flightreservation.FlightReservationTest.flightSelectionTest" duration-ms="74" status="PASS">
          <reporter-output>
          </reporter-output>
        </test-method> <!-- flightReservationConfirmationTest -->
        <test-method is-config="true" signature="sleep()[pri:0, instance:com.tims.flightreservation.FlightReservationTest@4c60d6e9]" started-at="2025-03-07T19:54:31 CST" name="sleep" finished-at="2025-03-07T19:54:36 CST" duration-ms="5005" status="PASS">
          <reporter-output>
          </reporter-output>
        </test-method> <!-- sleep -->
        <test-method is-config="true" signature="logout()[pri:0, instance:com.tims.flightreservation.FlightReservationTest@4c60d6e9]" started-at="2025-03-07T19:54:36 CST" name="logout" finished-at="2025-03-07T19:54:36 CST" duration-ms="159" status="PASS">
          <reporter-output>
          </reporter-output>
        </test-method> <!-- logout -->
      </class> <!-- com.tims.flightreservation.FlightReservationTest -->
    </test> <!-- passengers-count-4 -->
    <test started-at="2025-03-07T19:54:07 CST" name="passengers-count-3" finished-at="2025-03-07T19:54:36 CST" duration-ms="28864">
      <class name="com.tims.flightreservation.FlightReservationTest">
        <test-method is-config="true" signature="setDriver(org.testng.ITestContext)[pri:0, instance:com.tims.flightreservation.FlightReservationTest@17f9d882]" started-at="2025-03-07T19:54:07 CST" name="setDriver" finished-at="2025-03-07T19:54:09 CST" duration-ms="1863" status="PASS">
          <params>
            <param index="0">
              <value>
                <![CDATA[org.testng.TestRunner@798162bc]]>
              </value>
            </param>
          </params>
          <reporter-output>
          </reporter-output>
        </test-method> <!-- setDriver -->
        <test-method is-config="true" signature="setParameters(java.lang.String)[pri:0, instance:com.tims.flightreservation.FlightReservationTest@17f9d882]" started-at="2025-03-07T19:54:09 CST" name="setParameters" finished-at="2025-03-07T19:54:09 CST" duration-ms="6" status="PASS">
          <params>
            <param index="0">
              <value>
                <![CDATA[test-data/flight-reservation/passenger-3.json]]>
              </value>
            </param>
          </params>
          <reporter-output>
          </reporter-output>
        </test-method> <!-- setParameters -->
        <test-method signature="userRegistration()[pri:0, instance:com.tims.flightreservation.FlightReservationTest@17f9d882]" started-at="2025-03-07T19:54:09 CST" name="userRegistration" finished-at="2025-03-07T19:54:10 CST" duration-ms="1142" status="PASS">
          <reporter-output>
          </reporter-output>
        </test-method> <!-- userRegistration -->
        <test-method is-config="true" signature="sleep()[pri:0, instance:com.tims.flightreservation.FlightReservationTest@17f9d882]" started-at="2025-03-07T19:54:10 CST" name="sleep" finished-at="2025-03-07T19:54:15 CST" duration-ms="5004" status="PASS">
          <reporter-output>
          </reporter-output>
        </test-method> <!-- sleep -->
        <test-method signature="registrationConfirmationTest()[pri:0, instance:com.tims.flightreservation.FlightReservationTest@17f9d882]" started-at="2025-03-07T19:54:15 CST" name="registrationConfirmationTest" finished-at="2025-03-07T19:54:15 CST" depends-on-methods="com.tims.flightreservation.FlightReservationTest.userRegistration" duration-ms="143" status="PASS">
          <reporter-output>
          </reporter-output>
        </test-method> <!-- registrationConfirmationTest -->
        <test-method is-config="true" signature="sleep()[pri:0, instance:com.tims.flightreservation.FlightReservationTest@17f9d882]" started-at="2025-03-07T19:54:15 CST" name="sleep" finished-at="2025-03-07T19:54:20 CST" duration-ms="5009" status="PASS">
          <reporter-output>
          </reporter-output>
        </test-method> <!-- sleep -->
        <test-method signature="flightSearchTest()[pri:0, instance:com.tims.flightreservation.FlightReservationTest@17f9d882]" started-at="2025-03-07T19:54:20 CST" name="flightSearchTest" finished-at="2025-03-07T19:54:21 CST" depends-on-methods="com.tims.flightreservation.FlightReservationTest.registrationConfirmationTest" duration-ms="215" status="PASS">
          <reporter-output>
          </reporter-output>
        </test-method> <!-- flightSearchTest -->
        <test-method is-config="true" signature="sleep()[pri:0, instance:com.tims.flightreservation.FlightReservationTest@17f9d882]" started-at="2025-03-07T19:54:21 CST" name="sleep" finished-at="2025-03-07T19:54:26 CST" duration-ms="5003" status="PASS">
          <reporter-output>
          </reporter-output>
        </test-method> <!-- sleep -->
        <test-method signature="flightSelectionTest()[pri:0, instance:com.tims.flightreservation.FlightReservationTest@17f9d882]" started-at="2025-03-07T19:54:26 CST" name="flightSelectionTest" finished-at="2025-03-07T19:54:26 CST" depends-on-methods="com.tims.flightreservation.FlightReservationTest.flightSearchTest" duration-ms="238" status="PASS">
          <reporter-output>
          </reporter-output>
        </test-method> <!-- flightSelectionTest -->
        <test-method is-config="true" signature="sleep()[pri:0, instance:com.tims.flightreservation.FlightReservationTest@17f9d882]" started-at="2025-03-07T19:54:26 CST" name="sleep" finished-at="2025-03-07T19:54:31 CST" duration-ms="5014" status="PASS">
          <reporter-output>
          </reporter-output>
        </test-method> <!-- sleep -->
        <test-method signature="flightReservationConfirmationTest()[pri:0, instance:com.tims.flightreservation.FlightReservationTest@17f9d882]" started-at="2025-03-07T19:54:31 CST" name="flightReservationConfirmationTest" finished-at="2025-03-07T19:54:31 CST" depends-on-methods="com.tims.flightreservation.FlightReservationTest.flightSelectionTest" duration-ms="70" status="PASS">
          <reporter-output>
          </reporter-output>
        </test-method> <!-- flightReservationConfirmationTest -->
        <test-method is-config="true" signature="sleep()[pri:0, instance:com.tims.flightreservation.FlightReservationTest@17f9d882]" started-at="2025-03-07T19:54:31 CST" name="sleep" finished-at="2025-03-07T19:54:36 CST" duration-ms="5011" status="PASS">
          <reporter-output>
          </reporter-output>
        </test-method> <!-- sleep -->
        <test-method is-config="true" signature="logout()[pri:0, instance:com.tims.flightreservation.FlightReservationTest@17f9d882]" started-at="2025-03-07T19:54:36 CST" name="logout" finished-at="2025-03-07T19:54:36 CST" duration-ms="142" status="PASS">
          <reporter-output>
          </reporter-output>
        </test-method> <!-- logout -->
      </class> <!-- com.tims.flightreservation.FlightReservationTest -->
    </test> <!-- passengers-count-3 -->
  </suite> <!-- flightReservationSuite -->
</testng-results>
